  [4;36;1mSQL (0.1ms)[0m   [0;1mSET NAMES 'utf8'[0m
  [4;35;1mSQL (0.3ms)[0m   [0mSET SQL_AUTO_IS_NULL=0[0m
  [4;36;1mSQL (0.3ms)[0m   [0;1mSHOW TABLES[0m
  [4;35;1mSQL (191.9ms)[0m   [0mCREATE TABLE `schema_migrations` (`version` varchar(255) NOT NULL) ENGINE=InnoDB[0m
  [4;36;1mSQL (0.5ms)[0m   [0;1mSHOW KEYS FROM `schema_migrations`[0m
  [4;35;1mSQL (443.8ms)[0m   [0mCREATE UNIQUE INDEX `unique_schema_migrations` ON `schema_migrations` (`version`)[0m
  [4;36;1mSQL (0.4ms)[0m   [0;1mSHOW TABLES[0m
  [4;35;1mSQL (0.2ms)[0m   [0mSHOW TABLES[0m
  [4;36;1mSQL (0.3ms)[0m   [0;1mSELECT version FROM schema_migrations[0m
  [4;35;1mSQL (0.3ms)[0m   [0mSHOW TABLES[0m
  [4;36;1mSQL (1.3ms)[0m   [0;1mSHOW FIELDS FROM `albums`[0m
  [4;35;1mSQL (1.2ms)[0m   [0mdescribe `albums`[0m
  [4;36;1mSQL (0.4ms)[0m   [0;1mSHOW KEYS FROM `albums`[0m
  [4;36;1mSQL (0.2ms)[0m   [0;1mSET NAMES 'utf8'[0m
  [4;35;1mSQL (0.1ms)[0m   [0mSET SQL_AUTO_IS_NULL=0[0m


Processing ApplicationController#index (for 127.0.0.1 at 2014-03-13 17:30:15) [GET]

NoMethodError (undefined method `scaffold' for AdminController:Class):
  app/controllers/admin_controller.rb:3
  /usr/lib/ruby/vendor_ruby/active_support/dependencies.rb:406:in `load_without_new_constant_marking'
  /usr/lib/ruby/vendor_ruby/active_support/dependencies.rb:406:in `load_file'
  /usr/lib/ruby/vendor_ruby/active_support/dependencies.rb:547:in `new_constants_in'
  /usr/lib/ruby/vendor_ruby/active_support/dependencies.rb:405:in `load_file'
  /usr/lib/ruby/vendor_ruby/active_support/dependencies.rb:285:in `require_or_load'
  /usr/lib/ruby/vendor_ruby/active_support/dependencies.rb:451:in `load_missing_constant'
  /usr/lib/ruby/vendor_ruby/active_support/dependencies.rb:106:in `const_missing'
  /usr/lib/ruby/vendor_ruby/active_support/dependencies.rb:118:in `const_missing'
  /usr/lib/ruby/vendor_ruby/active_support/inflector.rb:364:in `constantize'
  /usr/lib/ruby/vendor_ruby/active_support/inflector.rb:363:in `each'
  /usr/lib/ruby/vendor_ruby/active_support/inflector.rb:363:in `constantize'
  /usr/lib/ruby/vendor_ruby/active_support/core_ext/string/inflections.rb:162:in `constantize'
  /usr/lib/ruby/vendor_ruby/action_controller/routing/route_set.rb:444:in `recognize'
  /usr/lib/ruby/vendor_ruby/action_controller/routing/route_set.rb:437:in `call'
  /usr/lib/ruby/vendor_ruby/action_controller/dispatcher.rb:87:in `dispatch'
  /usr/lib/ruby/vendor_ruby/action_controller/dispatcher.rb:121:in `_call'
  /usr/lib/ruby/vendor_ruby/action_controller/dispatcher.rb:130:in `build_middleware_stack'
  /usr/lib/ruby/vendor_ruby/active_record/query_cache.rb:29:in `call'
  /usr/lib/ruby/vendor_ruby/active_record/query_cache.rb:29:in `call'
  /usr/lib/ruby/vendor_ruby/active_record/connection_adapters/abstract/query_cache.rb:34:in `cache'
  /usr/lib/ruby/vendor_ruby/active_record/query_cache.rb:9:in `cache'
  /usr/lib/ruby/vendor_ruby/active_record/query_cache.rb:28:in `call'
  /usr/lib/ruby/vendor_ruby/active_record/connection_adapters/abstract/connection_pool.rb:361:in `call'
  /usr/lib/ruby/vendor_ruby/action_controller/string_coercion.rb:25:in `call'
  /usr/lib/ruby/vendor_ruby/rack/head.rb:9:in `call'
  /usr/lib/ruby/vendor_ruby/rack/methodoverride.rb:24:in `call'
  /usr/lib/ruby/vendor_ruby/action_controller/params_parser.rb:15:in `call'
  /usr/lib/ruby/vendor_ruby/action_controller/session/cookie_store.rb:99:in `call'
  /usr/lib/ruby/vendor_ruby/action_controller/failsafe.rb:26:in `call'
  /usr/lib/ruby/vendor_ruby/rack/lock.rb:15:in `call'
  /usr/lib/ruby/vendor_ruby/action_controller/dispatcher.rb:114:in `call'
  /usr/lib/ruby/vendor_ruby/action_controller/reloader.rb:34:in `run'
  /usr/lib/ruby/vendor_ruby/action_controller/dispatcher.rb:108:in `call'
  /usr/lib/ruby/vendor_ruby/rails/rack/static.rb:31:in `call'
  /usr/lib/ruby/vendor_ruby/rack/urlmap.rb:52:in `call'
  /usr/lib/ruby/vendor_ruby/rack/urlmap.rb:46:in `each'
  /usr/lib/ruby/vendor_ruby/rack/urlmap.rb:46:in `call'
  /usr/lib/ruby/vendor_ruby/rails/rack/log_tailer.rb:17:in `call'
  /usr/lib/ruby/vendor_ruby/rack/handler/webrick.rb:59:in `service'
  /usr/lib/ruby/1.8/webrick/httpserver.rb:104:in `service'
  /usr/lib/ruby/1.8/webrick/httpserver.rb:65:in `run'
  /usr/lib/ruby/1.8/webrick/server.rb:173:in `start_thread'
  /usr/lib/ruby/1.8/webrick/server.rb:162:in `start'
  /usr/lib/ruby/1.8/webrick/server.rb:162:in `start_thread'
  /usr/lib/ruby/1.8/webrick/server.rb:95:in `start'
  /usr/lib/ruby/1.8/webrick/server.rb:92:in `each'
  /usr/lib/ruby/1.8/webrick/server.rb:92:in `start'
  /usr/lib/ruby/1.8/webrick/server.rb:23:in `start'
  /usr/lib/ruby/1.8/webrick/server.rb:82:in `start'
  /usr/lib/ruby/vendor_ruby/rack/handler/webrick.rb:13:in `run'

Rendered rescues/_trace (15.8ms)
Rendered rescues/_request_and_response (1.4ms)
Rendering rescues/layout (internal_server_error)
  [4;36;1mSQL (0.1ms)[0m   [0;1mSET NAMES 'utf8'[0m
  [4;35;1mSQL (0.2ms)[0m   [0mSET SQL_AUTO_IS_NULL=0[0m


Processing ApplicationController#index (for 127.0.0.1 at 2014-03-13 17:31:36) [GET]

NoMethodError (undefined method `scaffold' for AdminController:Class):
  app/controllers/admin_controller.rb:3
  /usr/lib/ruby/vendor_ruby/active_support/dependencies.rb:406:in `load_without_new_constant_marking'
  /usr/lib/ruby/vendor_ruby/active_support/dependencies.rb:406:in `load_file'
  /usr/lib/ruby/vendor_ruby/active_support/dependencies.rb:547:in `new_constants_in'
  /usr/lib/ruby/vendor_ruby/active_support/dependencies.rb:405:in `load_file'
  /usr/lib/ruby/vendor_ruby/active_support/dependencies.rb:285:in `require_or_load'
  /usr/lib/ruby/vendor_ruby/active_support/dependencies.rb:451:in `load_missing_constant'
  /usr/lib/ruby/vendor_ruby/active_support/dependencies.rb:106:in `const_missing'
  /usr/lib/ruby/vendor_ruby/active_support/dependencies.rb:118:in `const_missing'
  /usr/lib/ruby/vendor_ruby/active_support/inflector.rb:364:in `constantize'
  /usr/lib/ruby/vendor_ruby/active_support/inflector.rb:363:in `each'
  /usr/lib/ruby/vendor_ruby/active_support/inflector.rb:363:in `constantize'
  /usr/lib/ruby/vendor_ruby/active_support/core_ext/string/inflections.rb:162:in `constantize'
  /usr/lib/ruby/vendor_ruby/action_controller/routing/route_set.rb:444:in `recognize'
  /usr/lib/ruby/vendor_ruby/action_controller/routing/route_set.rb:437:in `call'
  /usr/lib/ruby/vendor_ruby/action_controller/dispatcher.rb:87:in `dispatch'
  /usr/lib/ruby/vendor_ruby/action_controller/dispatcher.rb:121:in `_call'
  /usr/lib/ruby/vendor_ruby/action_controller/dispatcher.rb:130:in `build_middleware_stack'
  /usr/lib/ruby/vendor_ruby/active_record/query_cache.rb:29:in `call'
  /usr/lib/ruby/vendor_ruby/active_record/query_cache.rb:29:in `call'
  /usr/lib/ruby/vendor_ruby/active_record/connection_adapters/abstract/query_cache.rb:34:in `cache'
  /usr/lib/ruby/vendor_ruby/active_record/query_cache.rb:9:in `cache'
  /usr/lib/ruby/vendor_ruby/active_record/query_cache.rb:28:in `call'
  /usr/lib/ruby/vendor_ruby/active_record/connection_adapters/abstract/connection_pool.rb:361:in `call'
  /usr/lib/ruby/vendor_ruby/action_controller/string_coercion.rb:25:in `call'
  /usr/lib/ruby/vendor_ruby/rack/head.rb:9:in `call'
  /usr/lib/ruby/vendor_ruby/rack/methodoverride.rb:24:in `call'
  /usr/lib/ruby/vendor_ruby/action_controller/params_parser.rb:15:in `call'
  /usr/lib/ruby/vendor_ruby/action_controller/session/cookie_store.rb:99:in `call'
  /usr/lib/ruby/vendor_ruby/action_controller/failsafe.rb:26:in `call'
  /usr/lib/ruby/vendor_ruby/rack/lock.rb:15:in `call'
  /usr/lib/ruby/vendor_ruby/action_controller/dispatcher.rb:114:in `call'
  /usr/lib/ruby/vendor_ruby/action_controller/reloader.rb:34:in `run'
  /usr/lib/ruby/vendor_ruby/action_controller/dispatcher.rb:108:in `call'
  /usr/lib/ruby/vendor_ruby/rails/rack/static.rb:31:in `call'
  /usr/lib/ruby/vendor_ruby/rack/urlmap.rb:52:in `call'
  /usr/lib/ruby/vendor_ruby/rack/urlmap.rb:46:in `each'
  /usr/lib/ruby/vendor_ruby/rack/urlmap.rb:46:in `call'
  /usr/lib/ruby/vendor_ruby/rails/rack/log_tailer.rb:17:in `call'
  /usr/lib/ruby/vendor_ruby/rack/handler/webrick.rb:59:in `service'
  /usr/lib/ruby/1.8/webrick/httpserver.rb:104:in `service'
  /usr/lib/ruby/1.8/webrick/httpserver.rb:65:in `run'
  /usr/lib/ruby/1.8/webrick/server.rb:173:in `start_thread'
  /usr/lib/ruby/1.8/webrick/server.rb:162:in `start'
  /usr/lib/ruby/1.8/webrick/server.rb:162:in `start_thread'
  /usr/lib/ruby/1.8/webrick/server.rb:95:in `start'
  /usr/lib/ruby/1.8/webrick/server.rb:92:in `each'
  /usr/lib/ruby/1.8/webrick/server.rb:92:in `start'
  /usr/lib/ruby/1.8/webrick/server.rb:23:in `start'
  /usr/lib/ruby/1.8/webrick/server.rb:82:in `start'
  /usr/lib/ruby/vendor_ruby/rack/handler/webrick.rb:13:in `run'

Rendered rescues/_trace (15.4ms)
Rendered rescues/_request_and_response (0.3ms)
Rendering rescues/layout (internal_server_error)
  [4;36;1mSQL (0.1ms)[0m   [0;1mSET NAMES 'utf8'[0m
  [4;35;1mSQL (0.4ms)[0m   [0mSET SQL_AUTO_IS_NULL=0[0m


Processing AdminController#index (for 127.0.0.1 at 2014-03-13 17:34:46) [GET]

ActionController::UnknownAction (No action responded to index. Actions: ):
  /usr/lib/ruby/vendor_ruby/action_controller/filters.rb:617:in `call_filters'
  /usr/lib/ruby/vendor_ruby/action_controller/filters.rb:610:in `perform_action_without_benchmark'
  /usr/lib/ruby/vendor_ruby/action_controller/benchmarking.rb:68:in `perform_action_without_rescue'
  /usr/lib/ruby/vendor_ruby/action_controller/benchmarking.rb:68:in `perform_action_without_rescue'
  /usr/lib/ruby/vendor_ruby/action_controller/rescue.rb:160:in `perform_action_without_flash'
  /usr/lib/ruby/vendor_ruby/action_controller/flash.rb:151:in `perform_action'
  /usr/lib/ruby/vendor_ruby/action_controller/base.rb:532:in `send'
  /usr/lib/ruby/vendor_ruby/action_controller/base.rb:532:in `process_without_filters'
  /usr/lib/ruby/vendor_ruby/action_controller/filters.rb:606:in `process'
  /usr/lib/ruby/vendor_ruby/action_controller/base.rb:391:in `process'
  /usr/lib/ruby/vendor_ruby/action_controller/base.rb:386:in `call'
  /usr/lib/ruby/vendor_ruby/action_controller/routing/route_set.rb:438:in `call'
  /usr/lib/ruby/vendor_ruby/action_controller/dispatcher.rb:87:in `dispatch'
  /usr/lib/ruby/vendor_ruby/action_controller/dispatcher.rb:121:in `_call'
  /usr/lib/ruby/vendor_ruby/action_controller/dispatcher.rb:130:in `build_middleware_stack'
  /usr/lib/ruby/vendor_ruby/active_record/query_cache.rb:29:in `call'
  /usr/lib/ruby/vendor_ruby/active_record/query_cache.rb:29:in `call'
  /usr/lib/ruby/vendor_ruby/active_record/connection_adapters/abstract/query_cache.rb:34:in `cache'
  /usr/lib/ruby/vendor_ruby/active_record/query_cache.rb:9:in `cache'
  /usr/lib/ruby/vendor_ruby/active_record/query_cache.rb:28:in `call'
  /usr/lib/ruby/vendor_ruby/active_record/connection_adapters/abstract/connection_pool.rb:361:in `call'
  /usr/lib/ruby/vendor_ruby/action_controller/string_coercion.rb:25:in `call'
  /usr/lib/ruby/vendor_ruby/rack/head.rb:9:in `call'
  /usr/lib/ruby/vendor_ruby/rack/methodoverride.rb:24:in `call'
  /usr/lib/ruby/vendor_ruby/action_controller/params_parser.rb:15:in `call'
  /usr/lib/ruby/vendor_ruby/action_controller/session/cookie_store.rb:99:in `call'
  /usr/lib/ruby/vendor_ruby/action_controller/failsafe.rb:26:in `call'
  /usr/lib/ruby/vendor_ruby/rack/lock.rb:15:in `call'
  /usr/lib/ruby/vendor_ruby/action_controller/dispatcher.rb:114:in `call'
  /usr/lib/ruby/vendor_ruby/action_controller/reloader.rb:34:in `run'
  /usr/lib/ruby/vendor_ruby/action_controller/dispatcher.rb:108:in `call'
  /usr/lib/ruby/vendor_ruby/rails/rack/static.rb:31:in `call'
  /usr/lib/ruby/vendor_ruby/rack/urlmap.rb:52:in `call'
  /usr/lib/ruby/vendor_ruby/rack/urlmap.rb:46:in `each'
  /usr/lib/ruby/vendor_ruby/rack/urlmap.rb:46:in `call'
  /usr/lib/ruby/vendor_ruby/rails/rack/log_tailer.rb:17:in `call'
  /usr/lib/ruby/vendor_ruby/rack/handler/webrick.rb:59:in `service'
  /usr/lib/ruby/1.8/webrick/httpserver.rb:104:in `service'
  /usr/lib/ruby/1.8/webrick/httpserver.rb:65:in `run'
  /usr/lib/ruby/1.8/webrick/server.rb:173:in `start_thread'
  /usr/lib/ruby/1.8/webrick/server.rb:162:in `start'
  /usr/lib/ruby/1.8/webrick/server.rb:162:in `start_thread'
  /usr/lib/ruby/1.8/webrick/server.rb:95:in `start'
  /usr/lib/ruby/1.8/webrick/server.rb:92:in `each'
  /usr/lib/ruby/1.8/webrick/server.rb:92:in `start'
  /usr/lib/ruby/1.8/webrick/server.rb:23:in `start'
  /usr/lib/ruby/1.8/webrick/server.rb:82:in `start'
  /usr/lib/ruby/vendor_ruby/rack/handler/webrick.rb:13:in `run'

Rendering rescues/layout (not_found)
  [4;36;1mSQL (0.1ms)[0m   [0;1mSET NAMES 'utf8'[0m
  [4;35;1mSQL (0.1ms)[0m   [0mSET SQL_AUTO_IS_NULL=0[0m


Processing AdminController#index (for 127.0.0.1 at 2014-03-13 17:41:49) [GET]

ActionController::UnknownAction (No action responded to index. Actions: ):
  /usr/lib/ruby/vendor_ruby/action_controller/filters.rb:617:in `call_filters'
  /usr/lib/ruby/vendor_ruby/action_controller/filters.rb:610:in `perform_action_without_benchmark'
  /usr/lib/ruby/vendor_ruby/action_controller/benchmarking.rb:68:in `perform_action_without_rescue'
  /usr/lib/ruby/vendor_ruby/action_controller/benchmarking.rb:68:in `perform_action_without_rescue'
  /usr/lib/ruby/vendor_ruby/action_controller/rescue.rb:160:in `perform_action_without_flash'
  /usr/lib/ruby/vendor_ruby/action_controller/flash.rb:151:in `perform_action'
  /usr/lib/ruby/vendor_ruby/action_controller/base.rb:532:in `send'
  /usr/lib/ruby/vendor_ruby/action_controller/base.rb:532:in `process_without_filters'
  /usr/lib/ruby/vendor_ruby/action_controller/filters.rb:606:in `process'
  /usr/lib/ruby/vendor_ruby/action_controller/base.rb:391:in `process'
  /usr/lib/ruby/vendor_ruby/action_controller/base.rb:386:in `call'
  /usr/lib/ruby/vendor_ruby/action_controller/routing/route_set.rb:438:in `call'
  /usr/lib/ruby/vendor_ruby/action_controller/dispatcher.rb:87:in `dispatch'
  /usr/lib/ruby/vendor_ruby/action_controller/dispatcher.rb:121:in `_call'
  /usr/lib/ruby/vendor_ruby/action_controller/dispatcher.rb:130:in `build_middleware_stack'
  /usr/lib/ruby/vendor_ruby/active_record/query_cache.rb:29:in `call'
  /usr/lib/ruby/vendor_ruby/active_record/query_cache.rb:29:in `call'
  /usr/lib/ruby/vendor_ruby/active_record/connection_adapters/abstract/query_cache.rb:34:in `cache'
  /usr/lib/ruby/vendor_ruby/active_record/query_cache.rb:9:in `cache'
  /usr/lib/ruby/vendor_ruby/active_record/query_cache.rb:28:in `call'
  /usr/lib/ruby/vendor_ruby/active_record/connection_adapters/abstract/connection_pool.rb:361:in `call'
  /usr/lib/ruby/vendor_ruby/action_controller/string_coercion.rb:25:in `call'
  /usr/lib/ruby/vendor_ruby/rack/head.rb:9:in `call'
  /usr/lib/ruby/vendor_ruby/rack/methodoverride.rb:24:in `call'
  /usr/lib/ruby/vendor_ruby/action_controller/params_parser.rb:15:in `call'
  /usr/lib/ruby/vendor_ruby/action_controller/session/cookie_store.rb:99:in `call'
  /usr/lib/ruby/vendor_ruby/action_controller/failsafe.rb:26:in `call'
  /usr/lib/ruby/vendor_ruby/rack/lock.rb:15:in `call'
  /usr/lib/ruby/vendor_ruby/action_controller/dispatcher.rb:114:in `call'
  /usr/lib/ruby/vendor_ruby/action_controller/reloader.rb:34:in `run'
  /usr/lib/ruby/vendor_ruby/action_controller/dispatcher.rb:108:in `call'
  /usr/lib/ruby/vendor_ruby/rails/rack/static.rb:31:in `call'
  /usr/lib/ruby/vendor_ruby/rack/urlmap.rb:52:in `call'
  /usr/lib/ruby/vendor_ruby/rack/urlmap.rb:46:in `each'
  /usr/lib/ruby/vendor_ruby/rack/urlmap.rb:46:in `call'
  /usr/lib/ruby/vendor_ruby/rails/rack/log_tailer.rb:17:in `call'
  /usr/lib/ruby/vendor_ruby/rack/handler/webrick.rb:59:in `service'
  /usr/lib/ruby/1.8/webrick/httpserver.rb:104:in `service'
  /usr/lib/ruby/1.8/webrick/httpserver.rb:65:in `run'
  /usr/lib/ruby/1.8/webrick/server.rb:173:in `start_thread'
  /usr/lib/ruby/1.8/webrick/server.rb:162:in `start'
  /usr/lib/ruby/1.8/webrick/server.rb:162:in `start_thread'
  /usr/lib/ruby/1.8/webrick/server.rb:95:in `start'
  /usr/lib/ruby/1.8/webrick/server.rb:92:in `each'
  /usr/lib/ruby/1.8/webrick/server.rb:92:in `start'
  /usr/lib/ruby/1.8/webrick/server.rb:23:in `start'
  /usr/lib/ruby/1.8/webrick/server.rb:82:in `start'
  /usr/lib/ruby/vendor_ruby/rack/handler/webrick.rb:13:in `run'

Rendering rescues/layout (not_found)
  [4;36;1mSQL (0.2ms)[0m   [0;1mSET NAMES 'utf8'[0m
  [4;35;1mSQL (0.1ms)[0m   [0mSET SQL_AUTO_IS_NULL=0[0m


Processing AdminController#index (for 127.0.0.1 at 2014-03-13 17:41:55) [GET]

ActionController::UnknownAction (No action responded to index. Actions: ):
  /usr/lib/ruby/vendor_ruby/action_controller/filters.rb:617:in `call_filters'
  /usr/lib/ruby/vendor_ruby/action_controller/filters.rb:610:in `perform_action_without_benchmark'
  /usr/lib/ruby/vendor_ruby/action_controller/benchmarking.rb:68:in `perform_action_without_rescue'
  /usr/lib/ruby/vendor_ruby/action_controller/benchmarking.rb:68:in `perform_action_without_rescue'
  /usr/lib/ruby/vendor_ruby/action_controller/rescue.rb:160:in `perform_action_without_flash'
  /usr/lib/ruby/vendor_ruby/action_controller/flash.rb:151:in `perform_action'
  /usr/lib/ruby/vendor_ruby/action_controller/base.rb:532:in `send'
  /usr/lib/ruby/vendor_ruby/action_controller/base.rb:532:in `process_without_filters'
  /usr/lib/ruby/vendor_ruby/action_controller/filters.rb:606:in `process'
  /usr/lib/ruby/vendor_ruby/action_controller/base.rb:391:in `process'
  /usr/lib/ruby/vendor_ruby/action_controller/base.rb:386:in `call'
  /usr/lib/ruby/vendor_ruby/action_controller/routing/route_set.rb:438:in `call'
  /usr/lib/ruby/vendor_ruby/action_controller/dispatcher.rb:87:in `dispatch'
  /usr/lib/ruby/vendor_ruby/action_controller/dispatcher.rb:121:in `_call'
  /usr/lib/ruby/vendor_ruby/action_controller/dispatcher.rb:130:in `build_middleware_stack'
  /usr/lib/ruby/vendor_ruby/active_record/query_cache.rb:29:in `call'
  /usr/lib/ruby/vendor_ruby/active_record/query_cache.rb:29:in `call'
  /usr/lib/ruby/vendor_ruby/active_record/connection_adapters/abstract/query_cache.rb:34:in `cache'
  /usr/lib/ruby/vendor_ruby/active_record/query_cache.rb:9:in `cache'
  /usr/lib/ruby/vendor_ruby/active_record/query_cache.rb:28:in `call'
  /usr/lib/ruby/vendor_ruby/active_record/connection_adapters/abstract/connection_pool.rb:361:in `call'
  /usr/lib/ruby/vendor_ruby/action_controller/string_coercion.rb:25:in `call'
  /usr/lib/ruby/vendor_ruby/rack/head.rb:9:in `call'
  /usr/lib/ruby/vendor_ruby/rack/methodoverride.rb:24:in `call'
  /usr/lib/ruby/vendor_ruby/action_controller/params_parser.rb:15:in `call'
  /usr/lib/ruby/vendor_ruby/action_controller/session/cookie_store.rb:99:in `call'
  /usr/lib/ruby/vendor_ruby/action_controller/failsafe.rb:26:in `call'
  /usr/lib/ruby/vendor_ruby/rack/lock.rb:15:in `call'
  /usr/lib/ruby/vendor_ruby/action_controller/dispatcher.rb:114:in `call'
  /usr/lib/ruby/vendor_ruby/action_controller/reloader.rb:34:in `run'
  /usr/lib/ruby/vendor_ruby/action_controller/dispatcher.rb:108:in `call'
  /usr/lib/ruby/vendor_ruby/rails/rack/static.rb:31:in `call'
  /usr/lib/ruby/vendor_ruby/rack/urlmap.rb:52:in `call'
  /usr/lib/ruby/vendor_ruby/rack/urlmap.rb:46:in `each'
  /usr/lib/ruby/vendor_ruby/rack/urlmap.rb:46:in `call'
  /usr/lib/ruby/vendor_ruby/rails/rack/log_tailer.rb:17:in `call'
  /usr/lib/ruby/vendor_ruby/rack/handler/webrick.rb:59:in `service'
  /usr/lib/ruby/1.8/webrick/httpserver.rb:104:in `service'
  /usr/lib/ruby/1.8/webrick/httpserver.rb:65:in `run'
  /usr/lib/ruby/1.8/webrick/server.rb:173:in `start_thread'
  /usr/lib/ruby/1.8/webrick/server.rb:162:in `start'
  /usr/lib/ruby/1.8/webrick/server.rb:162:in `start_thread'
  /usr/lib/ruby/1.8/webrick/server.rb:95:in `start'
  /usr/lib/ruby/1.8/webrick/server.rb:92:in `each'
  /usr/lib/ruby/1.8/webrick/server.rb:92:in `start'
  /usr/lib/ruby/1.8/webrick/server.rb:23:in `start'
  /usr/lib/ruby/1.8/webrick/server.rb:82:in `start'
  /usr/lib/ruby/vendor_ruby/rack/handler/webrick.rb:13:in `run'

Rendering rescues/layout (not_found)
  [4;36;1mSQL (0.1ms)[0m   [0;1mSET NAMES 'utf8'[0m
  [4;35;1mSQL (0.1ms)[0m   [0mSET SQL_AUTO_IS_NULL=0[0m


Processing ApplicationController#index (for 127.0.0.1 at 2014-03-13 17:43:28) [GET]

NoMethodError (undefined method `scaffold' for AdminController:Class):
  app/controllers/admin_controller.rb:3
  /usr/lib/ruby/vendor_ruby/active_support/dependencies.rb:406:in `load_without_new_constant_marking'
  /usr/lib/ruby/vendor_ruby/active_support/dependencies.rb:406:in `load_file'
  /usr/lib/ruby/vendor_ruby/active_support/dependencies.rb:547:in `new_constants_in'
  /usr/lib/ruby/vendor_ruby/active_support/dependencies.rb:405:in `load_file'
  /usr/lib/ruby/vendor_ruby/active_support/dependencies.rb:285:in `require_or_load'
  /usr/lib/ruby/vendor_ruby/active_support/dependencies.rb:451:in `load_missing_constant'
  /usr/lib/ruby/vendor_ruby/active_support/dependencies.rb:106:in `const_missing'
  /usr/lib/ruby/vendor_ruby/active_support/dependencies.rb:118:in `const_missing'
  /usr/lib/ruby/vendor_ruby/active_support/inflector.rb:364:in `constantize'
  /usr/lib/ruby/vendor_ruby/active_support/inflector.rb:363:in `each'
  /usr/lib/ruby/vendor_ruby/active_support/inflector.rb:363:in `constantize'
  /usr/lib/ruby/vendor_ruby/active_support/core_ext/string/inflections.rb:162:in `constantize'
  /usr/lib/ruby/vendor_ruby/action_controller/routing/route_set.rb:444:in `recognize'
  /usr/lib/ruby/vendor_ruby/action_controller/routing/route_set.rb:437:in `call'
  /usr/lib/ruby/vendor_ruby/action_controller/dispatcher.rb:87:in `dispatch'
  /usr/lib/ruby/vendor_ruby/action_controller/dispatcher.rb:121:in `_call'
  /usr/lib/ruby/vendor_ruby/action_controller/dispatcher.rb:130:in `build_middleware_stack'
  /usr/lib/ruby/vendor_ruby/active_record/query_cache.rb:29:in `call'
  /usr/lib/ruby/vendor_ruby/active_record/query_cache.rb:29:in `call'
  /usr/lib/ruby/vendor_ruby/active_record/connection_adapters/abstract/query_cache.rb:34:in `cache'
  /usr/lib/ruby/vendor_ruby/active_record/query_cache.rb:9:in `cache'
  /usr/lib/ruby/vendor_ruby/active_record/query_cache.rb:28:in `call'
  /usr/lib/ruby/vendor_ruby/active_record/connection_adapters/abstract/connection_pool.rb:361:in `call'
  /usr/lib/ruby/vendor_ruby/action_controller/string_coercion.rb:25:in `call'
  /usr/lib/ruby/vendor_ruby/rack/head.rb:9:in `call'
  /usr/lib/ruby/vendor_ruby/rack/methodoverride.rb:24:in `call'
  /usr/lib/ruby/vendor_ruby/action_controller/params_parser.rb:15:in `call'
  /usr/lib/ruby/vendor_ruby/action_controller/session/cookie_store.rb:99:in `call'
  /usr/lib/ruby/vendor_ruby/action_controller/failsafe.rb:26:in `call'
  /usr/lib/ruby/vendor_ruby/rack/lock.rb:15:in `call'
  /usr/lib/ruby/vendor_ruby/action_controller/dispatcher.rb:114:in `call'
  /usr/lib/ruby/vendor_ruby/action_controller/reloader.rb:34:in `run'
  /usr/lib/ruby/vendor_ruby/action_controller/dispatcher.rb:108:in `call'
  /usr/lib/ruby/vendor_ruby/rails/rack/static.rb:31:in `call'
  /usr/lib/ruby/vendor_ruby/rack/urlmap.rb:52:in `call'
  /usr/lib/ruby/vendor_ruby/rack/urlmap.rb:46:in `each'
  /usr/lib/ruby/vendor_ruby/rack/urlmap.rb:46:in `call'
  /usr/lib/ruby/vendor_ruby/rails/rack/log_tailer.rb:17:in `call'
  /usr/lib/ruby/vendor_ruby/rack/handler/webrick.rb:59:in `service'
  /usr/lib/ruby/1.8/webrick/httpserver.rb:104:in `service'
  /usr/lib/ruby/1.8/webrick/httpserver.rb:65:in `run'
  /usr/lib/ruby/1.8/webrick/server.rb:173:in `start_thread'
  /usr/lib/ruby/1.8/webrick/server.rb:162:in `start'
  /usr/lib/ruby/1.8/webrick/server.rb:162:in `start_thread'
  /usr/lib/ruby/1.8/webrick/server.rb:95:in `start'
  /usr/lib/ruby/1.8/webrick/server.rb:92:in `each'
  /usr/lib/ruby/1.8/webrick/server.rb:92:in `start'
  /usr/lib/ruby/1.8/webrick/server.rb:23:in `start'
  /usr/lib/ruby/1.8/webrick/server.rb:82:in `start'
  /usr/lib/ruby/vendor_ruby/rack/handler/webrick.rb:13:in `run'

Rendered rescues/_trace (14.8ms)
Rendered rescues/_request_and_response (0.3ms)
Rendering rescues/layout (internal_server_error)
  [4;36;1mSQL (0.1ms)[0m   [0;1mSET NAMES 'utf8'[0m
  [4;35;1mSQL (0.1ms)[0m   [0mSET SQL_AUTO_IS_NULL=0[0m


Processing ApplicationController#index (for 127.0.0.1 at 2014-03-13 17:50:18) [GET]

NoMethodError (undefined method `scaffold' for AdminController:Class):
  app/controllers/admin_controller.rb:3
  /usr/lib/ruby/vendor_ruby/active_support/dependencies.rb:406:in `load_without_new_constant_marking'
  /usr/lib/ruby/vendor_ruby/active_support/dependencies.rb:406:in `load_file'
  /usr/lib/ruby/vendor_ruby/active_support/dependencies.rb:547:in `new_constants_in'
  /usr/lib/ruby/vendor_ruby/active_support/dependencies.rb:405:in `load_file'
  /usr/lib/ruby/vendor_ruby/active_support/dependencies.rb:285:in `require_or_load'
  /usr/lib/ruby/vendor_ruby/active_support/dependencies.rb:451:in `load_missing_constant'
  /usr/lib/ruby/vendor_ruby/active_support/dependencies.rb:106:in `const_missing'
  /usr/lib/ruby/vendor_ruby/active_support/dependencies.rb:118:in `const_missing'
  /usr/lib/ruby/vendor_ruby/active_support/inflector.rb:364:in `constantize'
  /usr/lib/ruby/vendor_ruby/active_support/inflector.rb:363:in `each'
  /usr/lib/ruby/vendor_ruby/active_support/inflector.rb:363:in `constantize'
  /usr/lib/ruby/vendor_ruby/active_support/core_ext/string/inflections.rb:162:in `constantize'
  /usr/lib/ruby/vendor_ruby/action_controller/routing/route_set.rb:444:in `recognize'
  /usr/lib/ruby/vendor_ruby/action_controller/routing/route_set.rb:437:in `call'
  /usr/lib/ruby/vendor_ruby/action_controller/dispatcher.rb:87:in `dispatch'
  /usr/lib/ruby/vendor_ruby/action_controller/dispatcher.rb:121:in `_call'
  /usr/lib/ruby/vendor_ruby/action_controller/dispatcher.rb:130:in `build_middleware_stack'
  /usr/lib/ruby/vendor_ruby/active_record/query_cache.rb:29:in `call'
  /usr/lib/ruby/vendor_ruby/active_record/query_cache.rb:29:in `call'
  /usr/lib/ruby/vendor_ruby/active_record/connection_adapters/abstract/query_cache.rb:34:in `cache'
  /usr/lib/ruby/vendor_ruby/active_record/query_cache.rb:9:in `cache'
  /usr/lib/ruby/vendor_ruby/active_record/query_cache.rb:28:in `call'
  /usr/lib/ruby/vendor_ruby/active_record/connection_adapters/abstract/connection_pool.rb:361:in `call'
  /usr/lib/ruby/vendor_ruby/action_controller/string_coercion.rb:25:in `call'
  /usr/lib/ruby/vendor_ruby/rack/head.rb:9:in `call'
  /usr/lib/ruby/vendor_ruby/rack/methodoverride.rb:24:in `call'
  /usr/lib/ruby/vendor_ruby/action_controller/params_parser.rb:15:in `call'
  /usr/lib/ruby/vendor_ruby/action_controller/session/cookie_store.rb:99:in `call'
  /usr/lib/ruby/vendor_ruby/action_controller/failsafe.rb:26:in `call'
  /usr/lib/ruby/vendor_ruby/rack/lock.rb:15:in `call'
  /usr/lib/ruby/vendor_ruby/action_controller/dispatcher.rb:114:in `call'
  /usr/lib/ruby/vendor_ruby/action_controller/reloader.rb:34:in `run'
  /usr/lib/ruby/vendor_ruby/action_controller/dispatcher.rb:108:in `call'
  /usr/lib/ruby/vendor_ruby/rails/rack/static.rb:31:in `call'
  /usr/lib/ruby/vendor_ruby/rack/urlmap.rb:52:in `call'
  /usr/lib/ruby/vendor_ruby/rack/urlmap.rb:46:in `each'
  /usr/lib/ruby/vendor_ruby/rack/urlmap.rb:46:in `call'
  /usr/lib/ruby/vendor_ruby/rails/rack/log_tailer.rb:17:in `call'
  /usr/lib/ruby/vendor_ruby/rack/handler/webrick.rb:59:in `service'
  /usr/lib/ruby/1.8/webrick/httpserver.rb:104:in `service'
  /usr/lib/ruby/1.8/webrick/httpserver.rb:65:in `run'
  /usr/lib/ruby/1.8/webrick/server.rb:173:in `start_thread'
  /usr/lib/ruby/1.8/webrick/server.rb:162:in `start'
  /usr/lib/ruby/1.8/webrick/server.rb:162:in `start_thread'
  /usr/lib/ruby/1.8/webrick/server.rb:95:in `start'
  /usr/lib/ruby/1.8/webrick/server.rb:92:in `each'
  /usr/lib/ruby/1.8/webrick/server.rb:92:in `start'
  /usr/lib/ruby/1.8/webrick/server.rb:23:in `start'
  /usr/lib/ruby/1.8/webrick/server.rb:82:in `start'
  /usr/lib/ruby/vendor_ruby/rack/handler/webrick.rb:13:in `run'

Rendered rescues/_trace (63.3ms)
Rendered rescues/_request_and_response (1.3ms)
Rendering rescues/layout (internal_server_error)
  [4;36;1mSQL (0.1ms)[0m   [0;1mSET NAMES 'utf8'[0m
  [4;35;1mSQL (0.1ms)[0m   [0mSET SQL_AUTO_IS_NULL=0[0m


Processing AlbumsController#index (for 127.0.0.1 at 2014-03-13 17:50:24) [GET]
  [4;36;1mAlbum Load (0.4ms)[0m   [0;1mSELECT * FROM `albums` [0m
Rendering template within layouts/albums
Rendering albums/index
Completed in 16ms (View: 11, DB: 1) | 200 OK [http://127.0.0.1/albums/]
  [4;35;1mSQL (0.1ms)[0m   [0mSET NAMES 'utf8'[0m
  [4;36;1mSQL (0.1ms)[0m   [0;1mSET SQL_AUTO_IS_NULL=0[0m


Processing AlbumsController#new (for 127.0.0.1 at 2014-03-13 17:50:28) [GET]
  [4;35;1mAlbum Columns (1.4ms)[0m   [0mSHOW FIELDS FROM `albums`[0m
Rendering template within layouts/albums
Rendering albums/new
Completed in 35ms (View: 29, DB: 2) | 200 OK [http://127.0.0.1/albums/new]
